ERROR - 2025-01-08 12:50:58 --> mysqli_sql_exception: Table 'smid.pocasi_stations' doesn't exist in C:\laragon\www\smid\nemeckepocasi\skibidi-2\vendor\codeigniter4\framework\system\Database\MySQLi\Connection.php:312
Stack trace:
#0 C:\laragon\www\smid\nemeckepocasi\skibidi-2\vendor\codeigniter4\framework\system\Database\MySQLi\Connection.php(312): mysqli->query('SELECT *\nFROM `...', 0)
#1 C:\laragon\www\smid\nemeckepocasi\skibidi-2\vendor\codeigniter4\framework\system\Database\BaseConnection.php(734): CodeIgniter\Database\MySQLi\Connection->execute('SELECT *\nFROM `...')
#2 C:\laragon\www\smid\nemeckepocasi\skibidi-2\vendor\codeigniter4\framework\system\Database\BaseConnection.php(648): CodeIgniter\Database\BaseConnection->simpleQuery('SELECT *\nFROM `...')
#3 C:\laragon\www\smid\nemeckepocasi\skibidi-2\vendor\codeigniter4\framework\system\Database\BaseBuilder.php(1644): CodeIgniter\Database\BaseConnection->query('SELECT *\nFROM `...', Array, false)
#4 C:\laragon\www\smid\nemeckepocasi\skibidi-2\vendor\codeigniter4\framework\system\Model.php(286): CodeIgniter\Database\BaseBuilder->get()
#5 C:\laragon\www\smid\nemeckepocasi\skibidi-2\vendor\codeigniter4\framework\system\BaseModel.php(676): CodeIgniter\Model->doFindAll(0, 0)
#6 C:\laragon\www\smid\nemeckepocasi\skibidi-2\app\Controllers\Main.php(45): CodeIgniter\BaseModel->findAll()
#7 C:\laragon\www\smid\nemeckepocasi\skibidi-2\vendor\codeigniter4\framework\system\CodeIgniter.php(933): App\Controllers\Main->zeme('3')
#8 C:\laragon\www\smid\nemeckepocasi\skibidi-2\vendor\codeigniter4\framework\system\CodeIgniter.php(509): CodeIgniter\CodeIgniter->runController(Object(App\Controllers\Main))
#9 C:\laragon\www\smid\nemeckepocasi\skibidi-2\vendor\codeigniter4\framework\system\CodeIgniter.php(355): CodeIgniter\CodeIgniter->handleRequest(NULL, Object(Config\Cache), false)
#10 C:\laragon\www\smid\nemeckepocasi\skibidi-2\vendor\codeigniter4\framework\system\Boot.php(325): CodeIgniter\CodeIgniter->run()
#11 C:\laragon\www\smid\nemeckepocasi\skibidi-2\vendor\codeigniter4\framework\system\Boot.php(67): CodeIgniter\Boot::runCodeIgniter(Object(CodeIgniter\CodeIgniter))
#12 C:\laragon\www\smid\nemeckepocasi\skibidi-2\index.php(56): CodeIgniter\Boot::bootWeb(Object(Config\Paths))
#13 {main}
CRITICAL - 2025-01-08 12:50:58 --> CodeIgniter\Database\Exceptions\DatabaseException: Table 'smid.pocasi_stations' doesn't exist
[Method: GET, Route: zeme/3]
in SYSTEMPATH\Database\BaseConnection.php on line 688.
 1 SYSTEMPATH\Database\BaseBuilder.php(1644): CodeIgniter\Database\BaseConnection->query('SELECT *
FROM `pocasi_stations`
WHERE `bundesland` = :bundesland:', [...], false)
 2 SYSTEMPATH\Model.php(286): CodeIgniter\Database\BaseBuilder->get()
 3 SYSTEMPATH\BaseModel.php(676): CodeIgniter\Model->doFindAll(0, 0)
 4 APPPATH\Controllers\Main.php(45): CodeIgniter\BaseModel->findAll()
 5 SYSTEMPATH\CodeIgniter.php(933): App\Controllers\Main->zeme('3')
 6 SYSTEMPATH\CodeIgniter.php(509): CodeIgniter\CodeIgniter->runController(Object(App\Controllers\Main))
 7 SYSTEMPATH\CodeIgniter.php(355): CodeIgniter\CodeIgniter->handleRequest(null, Object(Config\Cache), false)
 8 SYSTEMPATH\Boot.php(325): CodeIgniter\CodeIgniter->run()
 9 SYSTEMPATH\Boot.php(67): CodeIgniter\Boot::runCodeIgniter(Object(CodeIgniter\CodeIgniter))
10 FCPATH\index.php(56): CodeIgniter\Boot::bootWeb(Object(Config\Paths))
CRITICAL - 2025-01-08 12:50:58 --> [Caused by] CodeIgniter\Database\Exceptions\DatabaseException: Table 'smid.pocasi_stations' doesn't exist
in SYSTEMPATH\Database\MySQLi\Connection.php on line 317.
 1 SYSTEMPATH\Database\BaseConnection.php(734): CodeIgniter\Database\MySQLi\Connection->execute('SELECT *
FROM `pocasi_stations`
WHERE `bundesland` = \'3\'')
 2 SYSTEMPATH\Database\BaseConnection.php(648): CodeIgniter\Database\BaseConnection->simpleQuery('SELECT *
FROM `pocasi_stations`
WHERE `bundesland` = \'3\'')
 3 SYSTEMPATH\Database\BaseBuilder.php(1644): CodeIgniter\Database\BaseConnection->query('SELECT *
FROM `pocasi_stations`
WHERE `bundesland` = :bundesland:', [...], false)
 4 SYSTEMPATH\Model.php(286): CodeIgniter\Database\BaseBuilder->get()
 5 SYSTEMPATH\BaseModel.php(676): CodeIgniter\Model->doFindAll(0, 0)
 6 APPPATH\Controllers\Main.php(45): CodeIgniter\BaseModel->findAll()
 7 SYSTEMPATH\CodeIgniter.php(933): App\Controllers\Main->zeme('3')
 8 SYSTEMPATH\CodeIgniter.php(509): CodeIgniter\CodeIgniter->runController(Object(App\Controllers\Main))
 9 SYSTEMPATH\CodeIgniter.php(355): CodeIgniter\CodeIgniter->handleRequest(null, Object(Config\Cache), false)
10 SYSTEMPATH\Boot.php(325): CodeIgniter\CodeIgniter->run()
11 SYSTEMPATH\Boot.php(67): CodeIgniter\Boot::runCodeIgniter(Object(CodeIgniter\CodeIgniter))
12 FCPATH\index.php(56): CodeIgniter\Boot::bootWeb(Object(Config\Paths))
CRITICAL - 2025-01-08 12:50:58 --> [Caused by] mysqli_sql_exception: Table 'smid.pocasi_stations' doesn't exist
in SYSTEMPATH\Database\MySQLi\Connection.php on line 312.
 1 SYSTEMPATH\Database\MySQLi\Connection.php(312): mysqli->query('SELECT *
FROM `pocasi_stations`
WHERE `bundesland` = \'3\'', 0)
 2 SYSTEMPATH\Database\BaseConnection.php(734): CodeIgniter\Database\MySQLi\Connection->execute('SELECT *
FROM `pocasi_stations`
WHERE `bundesland` = \'3\'')
 3 SYSTEMPATH\Database\BaseConnection.php(648): CodeIgniter\Database\BaseConnection->simpleQuery('SELECT *
FROM `pocasi_stations`
WHERE `bundesland` = \'3\'')
 4 SYSTEMPATH\Database\BaseBuilder.php(1644): CodeIgniter\Database\BaseConnection->query('SELECT *
FROM `pocasi_stations`
WHERE `bundesland` = :bundesland:', [...], false)
 5 SYSTEMPATH\Model.php(286): CodeIgniter\Database\BaseBuilder->get()
 6 SYSTEMPATH\BaseModel.php(676): CodeIgniter\Model->doFindAll(0, 0)
 7 APPPATH\Controllers\Main.php(45): CodeIgniter\BaseModel->findAll()
 8 SYSTEMPATH\CodeIgniter.php(933): App\Controllers\Main->zeme('3')
 9 SYSTEMPATH\CodeIgniter.php(509): CodeIgniter\CodeIgniter->runController(Object(App\Controllers\Main))
10 SYSTEMPATH\CodeIgniter.php(355): CodeIgniter\CodeIgniter->handleRequest(null, Object(Config\Cache), false)
11 SYSTEMPATH\Boot.php(325): CodeIgniter\CodeIgniter->run()
12 SYSTEMPATH\Boot.php(67): CodeIgniter\Boot::runCodeIgniter(Object(CodeIgniter\CodeIgniter))
13 FCPATH\index.php(56): CodeIgniter\Boot::bootWeb(Object(Config\Paths))
ERROR - 2025-01-08 12:51:01 --> mysqli_sql_exception: Table 'smid.pocasi_stations' doesn't exist in C:\laragon\www\smid\nemeckepocasi\skibidi-2\vendor\codeigniter4\framework\system\Database\MySQLi\Connection.php:312
Stack trace:
#0 C:\laragon\www\smid\nemeckepocasi\skibidi-2\vendor\codeigniter4\framework\system\Database\MySQLi\Connection.php(312): mysqli->query('SELECT *\nFROM `...', 0)
#1 C:\laragon\www\smid\nemeckepocasi\skibidi-2\vendor\codeigniter4\framework\system\Database\BaseConnection.php(734): CodeIgniter\Database\MySQLi\Connection->execute('SELECT *\nFROM `...')
#2 C:\laragon\www\smid\nemeckepocasi\skibidi-2\vendor\codeigniter4\framework\system\Database\BaseConnection.php(648): CodeIgniter\Database\BaseConnection->simpleQuery('SELECT *\nFROM `...')
#3 C:\laragon\www\smid\nemeckepocasi\skibidi-2\vendor\codeigniter4\framework\system\Database\BaseBuilder.php(1644): CodeIgniter\Database\BaseConnection->query('SELECT *\nFROM `...', Array, false)
#4 C:\laragon\www\smid\nemeckepocasi\skibidi-2\vendor\codeigniter4\framework\system\Model.php(286): CodeIgniter\Database\BaseBuilder->get()
#5 C:\laragon\www\smid\nemeckepocasi\skibidi-2\vendor\codeigniter4\framework\system\BaseModel.php(676): CodeIgniter\Model->doFindAll(0, 0)
#6 C:\laragon\www\smid\nemeckepocasi\skibidi-2\app\Controllers\Main.php(45): CodeIgniter\BaseModel->findAll()
#7 C:\laragon\www\smid\nemeckepocasi\skibidi-2\vendor\codeigniter4\framework\system\CodeIgniter.php(933): App\Controllers\Main->zeme('1')
#8 C:\laragon\www\smid\nemeckepocasi\skibidi-2\vendor\codeigniter4\framework\system\CodeIgniter.php(509): CodeIgniter\CodeIgniter->runController(Object(App\Controllers\Main))
#9 C:\laragon\www\smid\nemeckepocasi\skibidi-2\vendor\codeigniter4\framework\system\CodeIgniter.php(355): CodeIgniter\CodeIgniter->handleRequest(NULL, Object(Config\Cache), false)
#10 C:\laragon\www\smid\nemeckepocasi\skibidi-2\vendor\codeigniter4\framework\system\Boot.php(325): CodeIgniter\CodeIgniter->run()
#11 C:\laragon\www\smid\nemeckepocasi\skibidi-2\vendor\codeigniter4\framework\system\Boot.php(67): CodeIgniter\Boot::runCodeIgniter(Object(CodeIgniter\CodeIgniter))
#12 C:\laragon\www\smid\nemeckepocasi\skibidi-2\index.php(56): CodeIgniter\Boot::bootWeb(Object(Config\Paths))
#13 {main}
CRITICAL - 2025-01-08 12:51:01 --> CodeIgniter\Database\Exceptions\DatabaseException: Table 'smid.pocasi_stations' doesn't exist
[Method: GET, Route: zeme/1]
in SYSTEMPATH\Database\BaseConnection.php on line 688.
 1 SYSTEMPATH\Database\BaseBuilder.php(1644): CodeIgniter\Database\BaseConnection->query('SELECT *
FROM `pocasi_stations`
WHERE `bundesland` = :bundesland:', [...], false)
 2 SYSTEMPATH\Model.php(286): CodeIgniter\Database\BaseBuilder->get()
 3 SYSTEMPATH\BaseModel.php(676): CodeIgniter\Model->doFindAll(0, 0)
 4 APPPATH\Controllers\Main.php(45): CodeIgniter\BaseModel->findAll()
 5 SYSTEMPATH\CodeIgniter.php(933): App\Controllers\Main->zeme('1')
 6 SYSTEMPATH\CodeIgniter.php(509): CodeIgniter\CodeIgniter->runController(Object(App\Controllers\Main))
 7 SYSTEMPATH\CodeIgniter.php(355): CodeIgniter\CodeIgniter->handleRequest(null, Object(Config\Cache), false)
 8 SYSTEMPATH\Boot.php(325): CodeIgniter\CodeIgniter->run()
 9 SYSTEMPATH\Boot.php(67): CodeIgniter\Boot::runCodeIgniter(Object(CodeIgniter\CodeIgniter))
10 FCPATH\index.php(56): CodeIgniter\Boot::bootWeb(Object(Config\Paths))
CRITICAL - 2025-01-08 12:51:01 --> [Caused by] CodeIgniter\Database\Exceptions\DatabaseException: Table 'smid.pocasi_stations' doesn't exist
in SYSTEMPATH\Database\MySQLi\Connection.php on line 317.
 1 SYSTEMPATH\Database\BaseConnection.php(734): CodeIgniter\Database\MySQLi\Connection->execute('SELECT *
FROM `pocasi_stations`
WHERE `bundesland` = \'1\'')
 2 SYSTEMPATH\Database\BaseConnection.php(648): CodeIgniter\Database\BaseConnection->simpleQuery('SELECT *
FROM `pocasi_stations`
WHERE `bundesland` = \'1\'')
 3 SYSTEMPATH\Database\BaseBuilder.php(1644): CodeIgniter\Database\BaseConnection->query('SELECT *
FROM `pocasi_stations`
WHERE `bundesland` = :bundesland:', [...], false)
 4 SYSTEMPATH\Model.php(286): CodeIgniter\Database\BaseBuilder->get()
 5 SYSTEMPATH\BaseModel.php(676): CodeIgniter\Model->doFindAll(0, 0)
 6 APPPATH\Controllers\Main.php(45): CodeIgniter\BaseModel->findAll()
 7 SYSTEMPATH\CodeIgniter.php(933): App\Controllers\Main->zeme('1')
 8 SYSTEMPATH\CodeIgniter.php(509): CodeIgniter\CodeIgniter->runController(Object(App\Controllers\Main))
 9 SYSTEMPATH\CodeIgniter.php(355): CodeIgniter\CodeIgniter->handleRequest(null, Object(Config\Cache), false)
10 SYSTEMPATH\Boot.php(325): CodeIgniter\CodeIgniter->run()
11 SYSTEMPATH\Boot.php(67): CodeIgniter\Boot::runCodeIgniter(Object(CodeIgniter\CodeIgniter))
12 FCPATH\index.php(56): CodeIgniter\Boot::bootWeb(Object(Config\Paths))
CRITICAL - 2025-01-08 12:51:01 --> [Caused by] mysqli_sql_exception: Table 'smid.pocasi_stations' doesn't exist
in SYSTEMPATH\Database\MySQLi\Connection.php on line 312.
 1 SYSTEMPATH\Database\MySQLi\Connection.php(312): mysqli->query('SELECT *
FROM `pocasi_stations`
WHERE `bundesland` = \'1\'', 0)
 2 SYSTEMPATH\Database\BaseConnection.php(734): CodeIgniter\Database\MySQLi\Connection->execute('SELECT *
FROM `pocasi_stations`
WHERE `bundesland` = \'1\'')
 3 SYSTEMPATH\Database\BaseConnection.php(648): CodeIgniter\Database\BaseConnection->simpleQuery('SELECT *
FROM `pocasi_stations`
WHERE `bundesland` = \'1\'')
 4 SYSTEMPATH\Database\BaseBuilder.php(1644): CodeIgniter\Database\BaseConnection->query('SELECT *
FROM `pocasi_stations`
WHERE `bundesland` = :bundesland:', [...], false)
 5 SYSTEMPATH\Model.php(286): CodeIgniter\Database\BaseBuilder->get()
 6 SYSTEMPATH\BaseModel.php(676): CodeIgniter\Model->doFindAll(0, 0)
 7 APPPATH\Controllers\Main.php(45): CodeIgniter\BaseModel->findAll()
 8 SYSTEMPATH\CodeIgniter.php(933): App\Controllers\Main->zeme('1')
 9 SYSTEMPATH\CodeIgniter.php(509): CodeIgniter\CodeIgniter->runController(Object(App\Controllers\Main))
10 SYSTEMPATH\CodeIgniter.php(355): CodeIgniter\CodeIgniter->handleRequest(null, Object(Config\Cache), false)
11 SYSTEMPATH\Boot.php(325): CodeIgniter\CodeIgniter->run()
12 SYSTEMPATH\Boot.php(67): CodeIgniter\Boot::runCodeIgniter(Object(CodeIgniter\CodeIgniter))
13 FCPATH\index.php(56): CodeIgniter\Boot::bootWeb(Object(Config\Paths))
CRITICAL - 2025-01-08 12:58:36 --> Error: Call to undefined function img()
[Method: GET, Route: zeme/1]
in APPPATH\Views\zem.php on line 27.
 1 SYSTEMPATH\View\View.php(234): include()
 2 SYSTEMPATH\View\View.php(237): CodeIgniter\View\View->CodeIgniter\View\{closure}()
 3 SYSTEMPATH\Common.php(1171): CodeIgniter\View\View->render('zem', [], true)
 4 APPPATH\Controllers\Main.php(47): view('zem', [...])
 5 SYSTEMPATH\CodeIgniter.php(933): App\Controllers\Main->zeme('1')
 6 SYSTEMPATH\CodeIgniter.php(509): CodeIgniter\CodeIgniter->runController(Object(App\Controllers\Main))
 7 SYSTEMPATH\CodeIgniter.php(355): CodeIgniter\CodeIgniter->handleRequest(null, Object(Config\Cache), false)
 8 SYSTEMPATH\Boot.php(325): CodeIgniter\CodeIgniter->run()
 9 SYSTEMPATH\Boot.php(67): CodeIgniter\Boot::runCodeIgniter(Object(CodeIgniter\CodeIgniter))
10 FCPATH\index.php(56): CodeIgniter\Boot::bootWeb(Object(Config\Paths))
CRITICAL - 2025-01-08 12:58:40 --> Error: Call to undefined function img()
[Method: GET, Route: zeme/1]
in APPPATH\Views\zem.php on line 27.
 1 SYSTEMPATH\View\View.php(234): include()
 2 SYSTEMPATH\View\View.php(237): CodeIgniter\View\View->CodeIgniter\View\{closure}()
 3 SYSTEMPATH\Common.php(1171): CodeIgniter\View\View->render('zem', [], true)
 4 APPPATH\Controllers\Main.php(47): view('zem', [...])
 5 SYSTEMPATH\CodeIgniter.php(933): App\Controllers\Main->zeme('1')
 6 SYSTEMPATH\CodeIgniter.php(509): CodeIgniter\CodeIgniter->runController(Object(App\Controllers\Main))
 7 SYSTEMPATH\CodeIgniter.php(355): CodeIgniter\CodeIgniter->handleRequest(null, Object(Config\Cache), false)
 8 SYSTEMPATH\Boot.php(325): CodeIgniter\CodeIgniter->run()
 9 SYSTEMPATH\Boot.php(67): CodeIgniter\Boot::runCodeIgniter(Object(CodeIgniter\CodeIgniter))
10 FCPATH\index.php(56): CodeIgniter\Boot::bootWeb(Object(Config\Paths))
ERROR - 2025-01-08 12:58:51 --> mysqli_sql_exception: Table 'smid.pocasi_stations' doesn't exist in C:\laragon\www\smid\nemeckepocasi\skibidi-2\vendor\codeigniter4\framework\system\Database\MySQLi\Connection.php:312
Stack trace:
#0 C:\laragon\www\smid\nemeckepocasi\skibidi-2\vendor\codeigniter4\framework\system\Database\MySQLi\Connection.php(312): mysqli->query('SELECT *\nFROM `...', 0)
#1 C:\laragon\www\smid\nemeckepocasi\skibidi-2\vendor\codeigniter4\framework\system\Database\BaseConnection.php(734): CodeIgniter\Database\MySQLi\Connection->execute('SELECT *\nFROM `...')
#2 C:\laragon\www\smid\nemeckepocasi\skibidi-2\vendor\codeigniter4\framework\system\Database\BaseConnection.php(648): CodeIgniter\Database\BaseConnection->simpleQuery('SELECT *\nFROM `...')
#3 C:\laragon\www\smid\nemeckepocasi\skibidi-2\vendor\codeigniter4\framework\system\Database\BaseBuilder.php(1644): CodeIgniter\Database\BaseConnection->query('SELECT *\nFROM `...', Array, false)
#4 C:\laragon\www\smid\nemeckepocasi\skibidi-2\vendor\codeigniter4\framework\system\Model.php(286): CodeIgniter\Database\BaseBuilder->get()
#5 C:\laragon\www\smid\nemeckepocasi\skibidi-2\vendor\codeigniter4\framework\system\BaseModel.php(676): CodeIgniter\Model->doFindAll(0, 0)
#6 C:\laragon\www\smid\nemeckepocasi\skibidi-2\app\Controllers\Main.php(45): CodeIgniter\BaseModel->findAll()
#7 C:\laragon\www\smid\nemeckepocasi\skibidi-2\vendor\codeigniter4\framework\system\CodeIgniter.php(933): App\Controllers\Main->zeme('1')
#8 C:\laragon\www\smid\nemeckepocasi\skibidi-2\vendor\codeigniter4\framework\system\CodeIgniter.php(509): CodeIgniter\CodeIgniter->runController(Object(App\Controllers\Main))
#9 C:\laragon\www\smid\nemeckepocasi\skibidi-2\vendor\codeigniter4\framework\system\CodeIgniter.php(355): CodeIgniter\CodeIgniter->handleRequest(NULL, Object(Config\Cache), false)
#10 C:\laragon\www\smid\nemeckepocasi\skibidi-2\vendor\codeigniter4\framework\system\Boot.php(325): CodeIgniter\CodeIgniter->run()
#11 C:\laragon\www\smid\nemeckepocasi\skibidi-2\vendor\codeigniter4\framework\system\Boot.php(67): CodeIgniter\Boot::runCodeIgniter(Object(CodeIgniter\CodeIgniter))
#12 C:\laragon\www\smid\nemeckepocasi\skibidi-2\index.php(56): CodeIgniter\Boot::bootWeb(Object(Config\Paths))
#13 {main}
CRITICAL - 2025-01-08 12:58:51 --> CodeIgniter\Database\Exceptions\DatabaseException: Table 'smid.pocasi_stations' doesn't exist
[Method: GET, Route: zeme/1]
in SYSTEMPATH\Database\BaseConnection.php on line 688.
 1 SYSTEMPATH\Database\BaseBuilder.php(1644): CodeIgniter\Database\BaseConnection->query('SELECT *
FROM `pocasi_stations`
WHERE `bundesland` = :bundesland:', [...], false)
 2 SYSTEMPATH\Model.php(286): CodeIgniter\Database\BaseBuilder->get()
 3 SYSTEMPATH\BaseModel.php(676): CodeIgniter\Model->doFindAll(0, 0)
 4 APPPATH\Controllers\Main.php(45): CodeIgniter\BaseModel->findAll()
 5 SYSTEMPATH\CodeIgniter.php(933): App\Controllers\Main->zeme('1')
 6 SYSTEMPATH\CodeIgniter.php(509): CodeIgniter\CodeIgniter->runController(Object(App\Controllers\Main))
 7 SYSTEMPATH\CodeIgniter.php(355): CodeIgniter\CodeIgniter->handleRequest(null, Object(Config\Cache), false)
 8 SYSTEMPATH\Boot.php(325): CodeIgniter\CodeIgniter->run()
 9 SYSTEMPATH\Boot.php(67): CodeIgniter\Boot::runCodeIgniter(Object(CodeIgniter\CodeIgniter))
10 FCPATH\index.php(56): CodeIgniter\Boot::bootWeb(Object(Config\Paths))
CRITICAL - 2025-01-08 12:58:51 --> [Caused by] CodeIgniter\Database\Exceptions\DatabaseException: Table 'smid.pocasi_stations' doesn't exist
in SYSTEMPATH\Database\MySQLi\Connection.php on line 317.
 1 SYSTEMPATH\Database\BaseConnection.php(734): CodeIgniter\Database\MySQLi\Connection->execute('SELECT *
FROM `pocasi_stations`
WHERE `bundesland` = \'1\'')
 2 SYSTEMPATH\Database\BaseConnection.php(648): CodeIgniter\Database\BaseConnection->simpleQuery('SELECT *
FROM `pocasi_stations`
WHERE `bundesland` = \'1\'')
 3 SYSTEMPATH\Database\BaseBuilder.php(1644): CodeIgniter\Database\BaseConnection->query('SELECT *
FROM `pocasi_stations`
WHERE `bundesland` = :bundesland:', [...], false)
 4 SYSTEMPATH\Model.php(286): CodeIgniter\Database\BaseBuilder->get()
 5 SYSTEMPATH\BaseModel.php(676): CodeIgniter\Model->doFindAll(0, 0)
 6 APPPATH\Controllers\Main.php(45): CodeIgniter\BaseModel->findAll()
 7 SYSTEMPATH\CodeIgniter.php(933): App\Controllers\Main->zeme('1')
 8 SYSTEMPATH\CodeIgniter.php(509): CodeIgniter\CodeIgniter->runController(Object(App\Controllers\Main))
 9 SYSTEMPATH\CodeIgniter.php(355): CodeIgniter\CodeIgniter->handleRequest(null, Object(Config\Cache), false)
10 SYSTEMPATH\Boot.php(325): CodeIgniter\CodeIgniter->run()
11 SYSTEMPATH\Boot.php(67): CodeIgniter\Boot::runCodeIgniter(Object(CodeIgniter\CodeIgniter))
12 FCPATH\index.php(56): CodeIgniter\Boot::bootWeb(Object(Config\Paths))
CRITICAL - 2025-01-08 12:58:51 --> [Caused by] mysqli_sql_exception: Table 'smid.pocasi_stations' doesn't exist
in SYSTEMPATH\Database\MySQLi\Connection.php on line 312.
 1 SYSTEMPATH\Database\MySQLi\Connection.php(312): mysqli->query('SELECT *
FROM `pocasi_stations`
WHERE `bundesland` = \'1\'', 0)
 2 SYSTEMPATH\Database\BaseConnection.php(734): CodeIgniter\Database\MySQLi\Connection->execute('SELECT *
FROM `pocasi_stations`
WHERE `bundesland` = \'1\'')
 3 SYSTEMPATH\Database\BaseConnection.php(648): CodeIgniter\Database\BaseConnection->simpleQuery('SELECT *
FROM `pocasi_stations`
WHERE `bundesland` = \'1\'')
 4 SYSTEMPATH\Database\BaseBuilder.php(1644): CodeIgniter\Database\BaseConnection->query('SELECT *
FROM `pocasi_stations`
WHERE `bundesland` = :bundesland:', [...], false)
 5 SYSTEMPATH\Model.php(286): CodeIgniter\Database\BaseBuilder->get()
 6 SYSTEMPATH\BaseModel.php(676): CodeIgniter\Model->doFindAll(0, 0)
 7 APPPATH\Controllers\Main.php(45): CodeIgniter\BaseModel->findAll()
 8 SYSTEMPATH\CodeIgniter.php(933): App\Controllers\Main->zeme('1')
 9 SYSTEMPATH\CodeIgniter.php(509): CodeIgniter\CodeIgniter->runController(Object(App\Controllers\Main))
10 SYSTEMPATH\CodeIgniter.php(355): CodeIgniter\CodeIgniter->handleRequest(null, Object(Config\Cache), false)
11 SYSTEMPATH\Boot.php(325): CodeIgniter\CodeIgniter->run()
12 SYSTEMPATH\Boot.php(67): CodeIgniter\Boot::runCodeIgniter(Object(CodeIgniter\CodeIgniter))
13 FCPATH\index.php(56): CodeIgniter\Boot::bootWeb(Object(Config\Paths))
CRITICAL - 2025-01-08 12:59:09 --> Error: Call to undefined function img()
[Method: GET, Route: zeme/1]
in APPPATH\Views\zem.php on line 27.
 1 SYSTEMPATH\View\View.php(234): include()
 2 SYSTEMPATH\View\View.php(237): CodeIgniter\View\View->CodeIgniter\View\{closure}()
 3 SYSTEMPATH\Common.php(1171): CodeIgniter\View\View->render('zem', [], true)
 4 APPPATH\Controllers\Main.php(47): view('zem', [...])
 5 SYSTEMPATH\CodeIgniter.php(933): App\Controllers\Main->zeme('1')
 6 SYSTEMPATH\CodeIgniter.php(509): CodeIgniter\CodeIgniter->runController(Object(App\Controllers\Main))
 7 SYSTEMPATH\CodeIgniter.php(355): CodeIgniter\CodeIgniter->handleRequest(null, Object(Config\Cache), false)
 8 SYSTEMPATH\Boot.php(325): CodeIgniter\CodeIgniter->run()
 9 SYSTEMPATH\Boot.php(67): CodeIgniter\Boot::runCodeIgniter(Object(CodeIgniter\CodeIgniter))
10 FCPATH\index.php(56): CodeIgniter\Boot::bootWeb(Object(Config\Paths))
CRITICAL - 2025-01-08 12:59:45 --> Error: Call to undefined function img()
[Method: GET, Route: zeme/1]
in APPPATH\Views\zem.php on line 27.
 1 SYSTEMPATH\View\View.php(234): include()
 2 SYSTEMPATH\View\View.php(237): CodeIgniter\View\View->CodeIgniter\View\{closure}()
 3 SYSTEMPATH\Common.php(1171): CodeIgniter\View\View->render('zem', [], true)
 4 APPPATH\Controllers\Main.php(47): view('zem', [...])
 5 SYSTEMPATH\CodeIgniter.php(933): App\Controllers\Main->zeme('1')
 6 SYSTEMPATH\CodeIgniter.php(509): CodeIgniter\CodeIgniter->runController(Object(App\Controllers\Main))
 7 SYSTEMPATH\CodeIgniter.php(355): CodeIgniter\CodeIgniter->handleRequest(null, Object(Config\Cache), false)
 8 SYSTEMPATH\Boot.php(325): CodeIgniter\CodeIgniter->run()
 9 SYSTEMPATH\Boot.php(67): CodeIgniter\Boot::runCodeIgniter(Object(CodeIgniter\CodeIgniter))
10 FCPATH\index.php(56): CodeIgniter\Boot::bootWeb(Object(Config\Paths))
CRITICAL - 2025-01-08 13:00:10 --> Error: Call to undefined function img()
[Method: GET, Route: zeme/1]
in APPPATH\Views\zem.php on line 27.
 1 SYSTEMPATH\View\View.php(234): include()
 2 SYSTEMPATH\View\View.php(237): CodeIgniter\View\View->CodeIgniter\View\{closure}()
 3 SYSTEMPATH\Common.php(1171): CodeIgniter\View\View->render('zem', [], true)
 4 APPPATH\Controllers\Main.php(47): view('zem', [...])
 5 SYSTEMPATH\CodeIgniter.php(933): App\Controllers\Main->zeme('1')
 6 SYSTEMPATH\CodeIgniter.php(509): CodeIgniter\CodeIgniter->runController(Object(App\Controllers\Main))
 7 SYSTEMPATH\CodeIgniter.php(355): CodeIgniter\CodeIgniter->handleRequest(null, Object(Config\Cache), false)
 8 SYSTEMPATH\Boot.php(325): CodeIgniter\CodeIgniter->run()
 9 SYSTEMPATH\Boot.php(67): CodeIgniter\Boot::runCodeIgniter(Object(CodeIgniter\CodeIgniter))
10 FCPATH\index.php(56): CodeIgniter\Boot::bootWeb(Object(Config\Paths))
CRITICAL - 2025-01-08 13:00:22 --> ErrorException: Attempt to read property "S_ID" on array
[Method: GET, Route: zeme/1]
in APPPATH\Views\zem.php on line 37.
 1 APPPATH\Views\zem.php(37): CodeIgniter\Debug\Exceptions->errorHandler(2, 'Attempt to read property "S_ID" on array', 'C:\\laragon\\www\\smid\\nemeckepocasi\\skibidi-2\\app\\Views\\zem.php', 37)
 2 SYSTEMPATH\View\View.php(234): include('C:\\laragon\\www\\smid\\nemeckepocasi\\skibidi-2\\app\\Views\\zem.php')
 3 SYSTEMPATH\View\View.php(237): CodeIgniter\View\View->CodeIgniter\View\{closure}()
 4 SYSTEMPATH\Common.php(1171): CodeIgniter\View\View->render('zem', [], true)
 5 APPPATH\Controllers\Main.php(47): view('zem', [...])
 6 SYSTEMPATH\CodeIgniter.php(933): App\Controllers\Main->zeme('1')
 7 SYSTEMPATH\CodeIgniter.php(509): CodeIgniter\CodeIgniter->runController(Object(App\Controllers\Main))
 8 SYSTEMPATH\CodeIgniter.php(355): CodeIgniter\CodeIgniter->handleRequest(null, Object(Config\Cache), false)
 9 SYSTEMPATH\Boot.php(325): CodeIgniter\CodeIgniter->run()
10 SYSTEMPATH\Boot.php(67): CodeIgniter\Boot::runCodeIgniter(Object(CodeIgniter\CodeIgniter))
11 FCPATH\index.php(56): CodeIgniter\Boot::bootWeb(Object(Config\Paths))
CRITICAL - 2025-01-08 13:02:42 --> Error: Call to undefined function img()
[Method: GET, Route: zeme/1]
in APPPATH\Views\zem.php on line 27.
 1 SYSTEMPATH\View\View.php(234): include()
 2 SYSTEMPATH\View\View.php(237): CodeIgniter\View\View->CodeIgniter\View\{closure}()
 3 SYSTEMPATH\Common.php(1171): CodeIgniter\View\View->render('zem', [], true)
 4 APPPATH\Controllers\Main.php(47): view('zem', [...])
 5 SYSTEMPATH\CodeIgniter.php(933): App\Controllers\Main->zeme('1')
 6 SYSTEMPATH\CodeIgniter.php(509): CodeIgniter\CodeIgniter->runController(Object(App\Controllers\Main))
 7 SYSTEMPATH\CodeIgniter.php(355): CodeIgniter\CodeIgniter->handleRequest(null, Object(Config\Cache), false)
 8 SYSTEMPATH\Boot.php(325): CodeIgniter\CodeIgniter->run()
 9 SYSTEMPATH\Boot.php(67): CodeIgniter\Boot::runCodeIgniter(Object(CodeIgniter\CodeIgniter))
10 FCPATH\index.php(56): CodeIgniter\Boot::bootWeb(Object(Config\Paths))
CRITICAL - 2025-01-08 13:02:44 --> Error: Call to undefined function img()
[Method: GET, Route: zeme/1]
in APPPATH\Views\zem.php on line 27.
 1 SYSTEMPATH\View\View.php(234): include()
 2 SYSTEMPATH\View\View.php(237): CodeIgniter\View\View->CodeIgniter\View\{closure}()
 3 SYSTEMPATH\Common.php(1171): CodeIgniter\View\View->render('zem', [], true)
 4 APPPATH\Controllers\Main.php(47): view('zem', [...])
 5 SYSTEMPATH\CodeIgniter.php(933): App\Controllers\Main->zeme('1')
 6 SYSTEMPATH\CodeIgniter.php(509): CodeIgniter\CodeIgniter->runController(Object(App\Controllers\Main))
 7 SYSTEMPATH\CodeIgniter.php(355): CodeIgniter\CodeIgniter->handleRequest(null, Object(Config\Cache), false)
 8 SYSTEMPATH\Boot.php(325): CodeIgniter\CodeIgniter->run()
 9 SYSTEMPATH\Boot.php(67): CodeIgniter\Boot::runCodeIgniter(Object(CodeIgniter\CodeIgniter))
10 FCPATH\index.php(56): CodeIgniter\Boot::bootWeb(Object(Config\Paths))
CRITICAL - 2025-01-08 13:03:27 --> ErrorException: Attempt to read property "S_ID" on array
[Method: GET, Route: zeme/1]
in APPPATH\Views\zem.php on line 37.
 1 APPPATH\Views\zem.php(37): CodeIgniter\Debug\Exceptions->errorHandler(2, 'Attempt to read property "S_ID" on array', 'C:\\laragon\\www\\smid\\nemeckepocasi\\skibidi-2\\app\\Views\\zem.php', 37)
 2 SYSTEMPATH\View\View.php(234): include('C:\\laragon\\www\\smid\\nemeckepocasi\\skibidi-2\\app\\Views\\zem.php')
 3 SYSTEMPATH\View\View.php(237): CodeIgniter\View\View->CodeIgniter\View\{closure}()
 4 SYSTEMPATH\Common.php(1171): CodeIgniter\View\View->render('zem', [], true)
 5 APPPATH\Controllers\Main.php(47): view('zem', [...])
 6 SYSTEMPATH\CodeIgniter.php(933): App\Controllers\Main->zeme('1')
 7 SYSTEMPATH\CodeIgniter.php(509): CodeIgniter\CodeIgniter->runController(Object(App\Controllers\Main))
 8 SYSTEMPATH\CodeIgniter.php(355): CodeIgniter\CodeIgniter->handleRequest(null, Object(Config\Cache), false)
 9 SYSTEMPATH\Boot.php(325): CodeIgniter\CodeIgniter->run()
10 SYSTEMPATH\Boot.php(67): CodeIgniter\Boot::runCodeIgniter(Object(CodeIgniter\CodeIgniter))
11 FCPATH\index.php(56): CodeIgniter\Boot::bootWeb(Object(Config\Paths))
CRITICAL - 2025-01-08 13:03:57 --> ErrorException: Attempt to read property "S_ID" on array
[Method: GET, Route: zeme/1]
in APPPATH\Views\zem.php on line 37.
 1 APPPATH\Views\zem.php(37): CodeIgniter\Debug\Exceptions->errorHandler(2, 'Attempt to read property "S_ID" on array', 'C:\\laragon\\www\\smid\\nemeckepocasi\\skibidi-2\\app\\Views\\zem.php', 37)
 2 SYSTEMPATH\View\View.php(234): include('C:\\laragon\\www\\smid\\nemeckepocasi\\skibidi-2\\app\\Views\\zem.php')
 3 SYSTEMPATH\View\View.php(237): CodeIgniter\View\View->CodeIgniter\View\{closure}()
 4 SYSTEMPATH\Common.php(1171): CodeIgniter\View\View->render('zem', [], true)
 5 APPPATH\Controllers\Main.php(47): view('zem', [...])
 6 SYSTEMPATH\CodeIgniter.php(933): App\Controllers\Main->zeme('1')
 7 SYSTEMPATH\CodeIgniter.php(509): CodeIgniter\CodeIgniter->runController(Object(App\Controllers\Main))
 8 SYSTEMPATH\CodeIgniter.php(355): CodeIgniter\CodeIgniter->handleRequest(null, Object(Config\Cache), false)
 9 SYSTEMPATH\Boot.php(325): CodeIgniter\CodeIgniter->run()
10 SYSTEMPATH\Boot.php(67): CodeIgniter\Boot::runCodeIgniter(Object(CodeIgniter\CodeIgniter))
11 FCPATH\index.php(56): CodeIgniter\Boot::bootWeb(Object(Config\Paths))
CRITICAL - 2025-01-08 13:21:28 --> Error: Call to undefined function img()
[Method: GET, Route: zeme/1]
in APPPATH\Views\zem.php on line 27.
 1 SYSTEMPATH\View\View.php(234): include()
 2 SYSTEMPATH\View\View.php(237): CodeIgniter\View\View->CodeIgniter\View\{closure}()
 3 SYSTEMPATH\Common.php(1171): CodeIgniter\View\View->render('zem', [], true)
 4 APPPATH\Controllers\Main.php(47): view('zem', [...])
 5 SYSTEMPATH\CodeIgniter.php(933): App\Controllers\Main->zeme('1')
 6 SYSTEMPATH\CodeIgniter.php(509): CodeIgniter\CodeIgniter->runController(Object(App\Controllers\Main))
 7 SYSTEMPATH\CodeIgniter.php(355): CodeIgniter\CodeIgniter->handleRequest(null, Object(Config\Cache), false)
 8 SYSTEMPATH\Boot.php(325): CodeIgniter\CodeIgniter->run()
 9 SYSTEMPATH\Boot.php(67): CodeIgniter\Boot::runCodeIgniter(Object(CodeIgniter\CodeIgniter))
10 FCPATH\index.php(56): CodeIgniter\Boot::bootWeb(Object(Config\Paths))
CRITICAL - 2025-01-08 13:32:58 --> ErrorException: Attempt to read property "S_ID" on array
[Method: GET, Route: zeme/1]
in APPPATH\Views\zem.php on line 25.
 1 APPPATH\Views\zem.php(25): CodeIgniter\Debug\Exceptions->errorHandler(2, 'Attempt to read property "S_ID" on array', 'C:\\laragon\\www\\smid\\nemeckepocasi\\skibidi-2\\app\\Views\\zem.php', 25)
 2 SYSTEMPATH\View\View.php(234): include('C:\\laragon\\www\\smid\\nemeckepocasi\\skibidi-2\\app\\Views\\zem.php')
 3 SYSTEMPATH\View\View.php(237): CodeIgniter\View\View->CodeIgniter\View\{closure}()
 4 SYSTEMPATH\Common.php(1171): CodeIgniter\View\View->render('zem', [], true)
 5 APPPATH\Controllers\Main.php(47): view('zem', [...])
 6 SYSTEMPATH\CodeIgniter.php(933): App\Controllers\Main->zeme('1')
 7 SYSTEMPATH\CodeIgniter.php(509): CodeIgniter\CodeIgniter->runController(Object(App\Controllers\Main))
 8 SYSTEMPATH\CodeIgniter.php(355): CodeIgniter\CodeIgniter->handleRequest(null, Object(Config\Cache), false)
 9 SYSTEMPATH\Boot.php(325): CodeIgniter\CodeIgniter->run()
10 SYSTEMPATH\Boot.php(67): CodeIgniter\Boot::runCodeIgniter(Object(CodeIgniter\CodeIgniter))
11 FCPATH\index.php(56): CodeIgniter\Boot::bootWeb(Object(Config\Paths))
CRITICAL - 2025-01-08 13:34:37 --> ErrorException: Attempt to read property "S_ID" on array
[Method: GET, Route: zeme/1]
in APPPATH\Views\zem.php on line 25.
 1 APPPATH\Views\zem.php(25): CodeIgniter\Debug\Exceptions->errorHandler(2, 'Attempt to read property "S_ID" on array', 'C:\\laragon\\www\\smid\\nemeckepocasi\\skibidi-2\\app\\Views\\zem.php', 25)
 2 SYSTEMPATH\View\View.php(234): include('C:\\laragon\\www\\smid\\nemeckepocasi\\skibidi-2\\app\\Views\\zem.php')
 3 SYSTEMPATH\View\View.php(237): CodeIgniter\View\View->CodeIgniter\View\{closure}()
 4 SYSTEMPATH\Common.php(1171): CodeIgniter\View\View->render('zem', [], true)
 5 APPPATH\Controllers\Main.php(47): view('zem', [...])
 6 SYSTEMPATH\CodeIgniter.php(933): App\Controllers\Main->zeme('1')
 7 SYSTEMPATH\CodeIgniter.php(509): CodeIgniter\CodeIgniter->runController(Object(App\Controllers\Main))
 8 SYSTEMPATH\CodeIgniter.php(355): CodeIgniter\CodeIgniter->handleRequest(null, Object(Config\Cache), false)
 9 SYSTEMPATH\Boot.php(325): CodeIgniter\CodeIgniter->run()
10 SYSTEMPATH\Boot.php(67): CodeIgniter\Boot::runCodeIgniter(Object(CodeIgniter\CodeIgniter))
11 FCPATH\index.php(56): CodeIgniter\Boot::bootWeb(Object(Config\Paths))
CRITICAL - 2025-01-08 13:46:40 --> ErrorException: Undefined variable $table
[Method: GET, Route: zeme/1]
in APPPATH\Views\zem.php on line 26.
 1 APPPATH\Views\zem.php(26): CodeIgniter\Debug\Exceptions->errorHandler(2, 'Undefined variable $table', 'C:\\laragon\\www\\smid\\nemeckepocasi\\skibidi-2\\app\\Views\\zem.php', 26)
 2 SYSTEMPATH\View\View.php(234): include('C:\\laragon\\www\\smid\\nemeckepocasi\\skibidi-2\\app\\Views\\zem.php')
 3 SYSTEMPATH\View\View.php(237): CodeIgniter\View\View->CodeIgniter\View\{closure}()
 4 SYSTEMPATH\Common.php(1171): CodeIgniter\View\View->render('zem', [], true)
 5 APPPATH\Controllers\Main.php(47): view('zem', [...])
 6 SYSTEMPATH\CodeIgniter.php(933): App\Controllers\Main->zeme('1')
 7 SYSTEMPATH\CodeIgniter.php(509): CodeIgniter\CodeIgniter->runController(Object(App\Controllers\Main))
 8 SYSTEMPATH\CodeIgniter.php(355): CodeIgniter\CodeIgniter->handleRequest(null, Object(Config\Cache), false)
 9 SYSTEMPATH\Boot.php(325): CodeIgniter\CodeIgniter->run()
10 SYSTEMPATH\Boot.php(67): CodeIgniter\Boot::runCodeIgniter(Object(CodeIgniter\CodeIgniter))
11 FCPATH\index.php(56): CodeIgniter\Boot::bootWeb(Object(Config\Paths))
CRITICAL - 2025-01-08 13:47:27 --> ErrorException: Attempt to read property "S_ID" on array
[Method: GET, Route: zeme/1]
in APPPATH\Views\zem.php on line 25.
 1 APPPATH\Views\zem.php(25): CodeIgniter\Debug\Exceptions->errorHandler(2, 'Attempt to read property "S_ID" on array', 'C:\\laragon\\www\\smid\\nemeckepocasi\\skibidi-2\\app\\Views\\zem.php', 25)
 2 SYSTEMPATH\View\View.php(234): include('C:\\laragon\\www\\smid\\nemeckepocasi\\skibidi-2\\app\\Views\\zem.php')
 3 SYSTEMPATH\View\View.php(237): CodeIgniter\View\View->CodeIgniter\View\{closure}()
 4 SYSTEMPATH\Common.php(1171): CodeIgniter\View\View->render('zem', [], true)
 5 APPPATH\Controllers\Main.php(47): view('zem', [...])
 6 SYSTEMPATH\CodeIgniter.php(933): App\Controllers\Main->zeme('1')
 7 SYSTEMPATH\CodeIgniter.php(509): CodeIgniter\CodeIgniter->runController(Object(App\Controllers\Main))
 8 SYSTEMPATH\CodeIgniter.php(355): CodeIgniter\CodeIgniter->handleRequest(null, Object(Config\Cache), false)
 9 SYSTEMPATH\Boot.php(325): CodeIgniter\CodeIgniter->run()
10 SYSTEMPATH\Boot.php(67): CodeIgniter\Boot::runCodeIgniter(Object(CodeIgniter\CodeIgniter))
11 FCPATH\index.php(56): CodeIgniter\Boot::bootWeb(Object(Config\Paths))
CRITICAL - 2025-01-08 13:47:42 --> ErrorException: Attempt to read property "S_ID" on array
[Method: GET, Route: zeme/1]
in APPPATH\Views\zem.php on line 25.
 1 APPPATH\Views\zem.php(25): CodeIgniter\Debug\Exceptions->errorHandler(2, 'Attempt to read property "S_ID" on array', 'C:\\laragon\\www\\smid\\nemeckepocasi\\skibidi-2\\app\\Views\\zem.php', 25)
 2 SYSTEMPATH\View\View.php(234): include('C:\\laragon\\www\\smid\\nemeckepocasi\\skibidi-2\\app\\Views\\zem.php')
 3 SYSTEMPATH\View\View.php(237): CodeIgniter\View\View->CodeIgniter\View\{closure}()
 4 SYSTEMPATH\Common.php(1171): CodeIgniter\View\View->render('zem', [], true)
 5 APPPATH\Controllers\Main.php(47): view('zem', [...])
 6 SYSTEMPATH\CodeIgniter.php(933): App\Controllers\Main->zeme('1')
 7 SYSTEMPATH\CodeIgniter.php(509): CodeIgniter\CodeIgniter->runController(Object(App\Controllers\Main))
 8 SYSTEMPATH\CodeIgniter.php(355): CodeIgniter\CodeIgniter->handleRequest(null, Object(Config\Cache), false)
 9 SYSTEMPATH\Boot.php(325): CodeIgniter\CodeIgniter->run()
10 SYSTEMPATH\Boot.php(67): CodeIgniter\Boot::runCodeIgniter(Object(CodeIgniter\CodeIgniter))
11 FCPATH\index.php(56): CodeIgniter\Boot::bootWeb(Object(Config\Paths))
CRITICAL - 2025-01-08 13:49:35 --> ErrorException: Attempt to read property "S_ID" on array
[Method: GET, Route: zeme/1]
in APPPATH\Views\zem.php on line 25.
 1 APPPATH\Views\zem.php(25): CodeIgniter\Debug\Exceptions->errorHandler(2, 'Attempt to read property "S_ID" on array', 'C:\\laragon\\www\\smid\\nemeckepocasi\\skibidi-2\\app\\Views\\zem.php', 25)
 2 SYSTEMPATH\View\View.php(234): include('C:\\laragon\\www\\smid\\nemeckepocasi\\skibidi-2\\app\\Views\\zem.php')
 3 SYSTEMPATH\View\View.php(237): CodeIgniter\View\View->CodeIgniter\View\{closure}()
 4 SYSTEMPATH\Common.php(1171): CodeIgniter\View\View->render('zem', [], true)
 5 APPPATH\Controllers\Main.php(47): view('zem', [...])
 6 SYSTEMPATH\CodeIgniter.php(933): App\Controllers\Main->zeme('1')
 7 SYSTEMPATH\CodeIgniter.php(509): CodeIgniter\CodeIgniter->runController(Object(App\Controllers\Main))
 8 SYSTEMPATH\CodeIgniter.php(355): CodeIgniter\CodeIgniter->handleRequest(null, Object(Config\Cache), false)
 9 SYSTEMPATH\Boot.php(325): CodeIgniter\CodeIgniter->run()
10 SYSTEMPATH\Boot.php(67): CodeIgniter\Boot::runCodeIgniter(Object(CodeIgniter\CodeIgniter))
11 FCPATH\index.php(56): CodeIgniter\Boot::bootWeb(Object(Config\Paths))
CRITICAL - 2025-01-08 13:50:45 --> ErrorException: Attempt to read property "S_ID" on array
[Method: GET, Route: zeme/1]
in APPPATH\Views\zem.php on line 25.
 1 APPPATH\Views\zem.php(25): CodeIgniter\Debug\Exceptions->errorHandler(2, 'Attempt to read property "S_ID" on array', 'C:\\laragon\\www\\smid\\nemeckepocasi\\skibidi-2\\app\\Views\\zem.php', 25)
 2 SYSTEMPATH\View\View.php(234): include('C:\\laragon\\www\\smid\\nemeckepocasi\\skibidi-2\\app\\Views\\zem.php')
 3 SYSTEMPATH\View\View.php(237): CodeIgniter\View\View->CodeIgniter\View\{closure}()
 4 SYSTEMPATH\Common.php(1171): CodeIgniter\View\View->render('zem', [], true)
 5 APPPATH\Controllers\Main.php(47): view('zem', [...])
 6 SYSTEMPATH\CodeIgniter.php(933): App\Controllers\Main->zeme('1')
 7 SYSTEMPATH\CodeIgniter.php(509): CodeIgniter\CodeIgniter->runController(Object(App\Controllers\Main))
 8 SYSTEMPATH\CodeIgniter.php(355): CodeIgniter\CodeIgniter->handleRequest(null, Object(Config\Cache), false)
 9 SYSTEMPATH\Boot.php(325): CodeIgniter\CodeIgniter->run()
10 SYSTEMPATH\Boot.php(67): CodeIgniter\Boot::runCodeIgniter(Object(CodeIgniter\CodeIgniter))
11 FCPATH\index.php(56): CodeIgniter\Boot::bootWeb(Object(Config\Paths))
CRITICAL - 2025-01-08 13:51:30 --> ErrorException: Attempt to read property "S_ID" on array
[Method: GET, Route: zeme/1]
in APPPATH\Views\zem.php on line 25.
 1 APPPATH\Views\zem.php(25): CodeIgniter\Debug\Exceptions->errorHandler(2, 'Attempt to read property "S_ID" on array', 'C:\\laragon\\www\\smid\\nemeckepocasi\\skibidi-2\\app\\Views\\zem.php', 25)
 2 SYSTEMPATH\View\View.php(234): include('C:\\laragon\\www\\smid\\nemeckepocasi\\skibidi-2\\app\\Views\\zem.php')
 3 SYSTEMPATH\View\View.php(237): CodeIgniter\View\View->CodeIgniter\View\{closure}()
 4 SYSTEMPATH\Common.php(1171): CodeIgniter\View\View->render('zem', [], true)
 5 APPPATH\Controllers\Main.php(47): view('zem', [...])
 6 SYSTEMPATH\CodeIgniter.php(933): App\Controllers\Main->zeme('1')
 7 SYSTEMPATH\CodeIgniter.php(509): CodeIgniter\CodeIgniter->runController(Object(App\Controllers\Main))
 8 SYSTEMPATH\CodeIgniter.php(355): CodeIgniter\CodeIgniter->handleRequest(null, Object(Config\Cache), false)
 9 SYSTEMPATH\Boot.php(325): CodeIgniter\CodeIgniter->run()
10 SYSTEMPATH\Boot.php(67): CodeIgniter\Boot::runCodeIgniter(Object(CodeIgniter\CodeIgniter))
11 FCPATH\index.php(56): CodeIgniter\Boot::bootWeb(Object(Config\Paths))
CRITICAL - 2025-01-08 13:51:53 --> ErrorException: Attempt to read property "id" on array
[Method: GET, Route: zeme/1]
in APPPATH\Views\zem.php on line 25.
 1 APPPATH\Views\zem.php(25): CodeIgniter\Debug\Exceptions->errorHandler(2, 'Attempt to read property "id" on array', 'C:\\laragon\\www\\smid\\nemeckepocasi\\skibidi-2\\app\\Views\\zem.php', 25)
 2 SYSTEMPATH\View\View.php(234): include('C:\\laragon\\www\\smid\\nemeckepocasi\\skibidi-2\\app\\Views\\zem.php')
 3 SYSTEMPATH\View\View.php(237): CodeIgniter\View\View->CodeIgniter\View\{closure}()
 4 SYSTEMPATH\Common.php(1171): CodeIgniter\View\View->render('zem', [], true)
 5 APPPATH\Controllers\Main.php(47): view('zem', [...])
 6 SYSTEMPATH\CodeIgniter.php(933): App\Controllers\Main->zeme('1')
 7 SYSTEMPATH\CodeIgniter.php(509): CodeIgniter\CodeIgniter->runController(Object(App\Controllers\Main))
 8 SYSTEMPATH\CodeIgniter.php(355): CodeIgniter\CodeIgniter->handleRequest(null, Object(Config\Cache), false)
 9 SYSTEMPATH\Boot.php(325): CodeIgniter\CodeIgniter->run()
10 SYSTEMPATH\Boot.php(67): CodeIgniter\Boot::runCodeIgniter(Object(CodeIgniter\CodeIgniter))
11 FCPATH\index.php(56): CodeIgniter\Boot::bootWeb(Object(Config\Paths))
CRITICAL - 2025-01-08 13:59:29 --> ErrorException: Attempt to read property "S_ID" on array
[Method: GET, Route: zeme/1]
in APPPATH\Views\zem.php on line 25.
 1 APPPATH\Views\zem.php(25): CodeIgniter\Debug\Exceptions->errorHandler(2, 'Attempt to read property "S_ID" on array', 'C:\\laragon\\www\\smid\\nemeckepocasi\\skibidi-2\\app\\Views\\zem.php', 25)
 2 SYSTEMPATH\View\View.php(234): include('C:\\laragon\\www\\smid\\nemeckepocasi\\skibidi-2\\app\\Views\\zem.php')
 3 SYSTEMPATH\View\View.php(237): CodeIgniter\View\View->CodeIgniter\View\{closure}()
 4 SYSTEMPATH\Common.php(1171): CodeIgniter\View\View->render('zem', [], true)
 5 APPPATH\Controllers\Main.php(47): view('zem', [...])
 6 SYSTEMPATH\CodeIgniter.php(933): App\Controllers\Main->zeme('1')
 7 SYSTEMPATH\CodeIgniter.php(509): CodeIgniter\CodeIgniter->runController(Object(App\Controllers\Main))
 8 SYSTEMPATH\CodeIgniter.php(355): CodeIgniter\CodeIgniter->handleRequest(null, Object(Config\Cache), false)
 9 SYSTEMPATH\Boot.php(325): CodeIgniter\CodeIgniter->run()
10 SYSTEMPATH\Boot.php(67): CodeIgniter\Boot::runCodeIgniter(Object(CodeIgniter\CodeIgniter))
11 FCPATH\index.php(56): CodeIgniter\Boot::bootWeb(Object(Config\Paths))
CRITICAL - 2025-01-08 14:00:17 --> CodeIgniter\View\Exceptions\ViewException: Invalid file: "layout/shablona.php"
[Method: GET, Route: zeme/1]
in SYSTEMPATH\Exceptions\FrameworkException.php on line 41.
 1 SYSTEMPATH\View\View.php(222): CodeIgniter\Exceptions\FrameworkException::forInvalidFile('layout/shablona.php')
 2 SYSTEMPATH\View\View.php(250): CodeIgniter\View\View->render('layout/shablona', [], true)
 3 SYSTEMPATH\Common.php(1171): CodeIgniter\View\View->render('zem', [], true)
 4 APPPATH\Controllers\Main.php(47): view('zem', [...])
 5 SYSTEMPATH\CodeIgniter.php(933): App\Controllers\Main->zeme('1')
 6 SYSTEMPATH\CodeIgniter.php(509): CodeIgniter\CodeIgniter->runController(Object(App\Controllers\Main))
 7 SYSTEMPATH\CodeIgniter.php(355): CodeIgniter\CodeIgniter->handleRequest(null, Object(Config\Cache), false)
 8 SYSTEMPATH\Boot.php(325): CodeIgniter\CodeIgniter->run()
 9 SYSTEMPATH\Boot.php(67): CodeIgniter\Boot::runCodeIgniter(Object(CodeIgniter\CodeIgniter))
10 FCPATH\index.php(56): CodeIgniter\Boot::bootWeb(Object(Config\Paths))
